#
# A fatal error has been detected by the Java Runtime Environment:
#
#  SIGSEGV (0xb) at pc=0x000000010e054c6d, pid=87155, tid=0x0000000000000c03
#
# JRE version: Java(TM) SE Runtime Environment (8.0_171-b11) (build 1.8.0_171-b11)
# Java VM: Java HotSpot(TM) 64-Bit Server VM (25.171-b11 mixed mode bsd-amd64 compressed oops)
# Problematic frame:
# C  [libinstrument.dylib+0x9c6d]  getObjectSize+0xe
#
# Failed to write core dump. Core dumps have been disabled. To enable core dumping, try "ulimit -c unlimited" before starting Java again
#
# If you would like to submit a bug report, please visit:
#   http://bugreport.java.com/bugreport/crash.jsp
# The crash happened outside the Java Virtual Machine in native code.
# See problematic frame for where to report the bug.
#

---------------  T H R E A D  ---------------

Current thread (0x00007fe4ae81b800):  JavaThread "main" [_thread_in_native, id=3075, stack(0x0000700003087000,0x0000700003187000)]

siginfo: si_signo: 11 (SIGSEGV), si_code: 1 (SEGV_MAPERR), si_addr: 0x0000000000000009

Registers:
RAX=0x000000010e05348e, RBX=0x00007fe4ae81b9f8, RCX=0x0000700003185850, RDX=0x0000700003185850
RSP=0x00007000031857a0, RBP=0x00007000031857c0, RSI=0x0000000000000001, RDI=0x00007fe4ae81b9f8
R8 =0x00000001188c24f9, R9 =0x00000000ffffffe8, R10=0x0000000118881a5c, R11=0x000000010ccf08f7
R12=0x0000000000000000, R13=0x0000000113164f60, R14=0x0000700003185868, R15=0x00007fe4ae81b800
RIP=0x000000010e054c6d, EFLAGS=0x0000000000010206, ERR=0x0000000000000004
  TRAPNO=0x000000000000000e

Top of Stack: (sp=0x00007000031857a0)
0x00007000031857a0:   0000000113164f60 0000700003185868
0x00007000031857b0:   0000000113164f60 0000700003185868
0x00007000031857c0:   0000700003185830 0000000118881a88
0x00007000031857d0:   0000700003185830 00000001188814f9
0x00007000031857e0:   0000000113164718 00000001188814c2
0x00007000031857f0:   00007000031857f0 0000000113164f60
0x0000700003185800:   0000700003185868 0000000113165688
0x0000700003185810:   0000000000000000 0000000113164f60
0x0000700003185820:   0000000000000000 0000700003185850
0x0000700003185830:   00007000031858b0 0000000118868e70
0x0000700003185840:   0000000000000000 0000000118877d37
0x0000700003185850:   0000000795986918 0000000000000001
0x0000700003185860:   00000007959af198 00000007959af198
0x0000700003185870:   0000700003185870 000000011316470c
0x0000700003185880:   00007000031858c8 0000000113165688
0x0000700003185890:   0000000000000000 0000000113164718
0x00007000031858a0:   0000700003185850 00007000031858c0
0x00007000031858b0:   0000700003185930 00000001188617a7
0x00007000031858c0:   0000000795986918 00000007959af198
0x00007000031858d0:   0000000100001fa0 000000000000000b
0x00007000031858e0:   00007fe4ae81b800 0000000000000002
0x00007000031858f0:   000000011886171f 0000000113164718
0x0000700003185900:   00007000031859c8 0000700003185cb0
0x0000700003185910:   00007fe40000000b 0000000113164718
0x0000700003185920:   000000011887a4c0 0000700003185b18
0x0000700003185930:   0000700003185ae0 000000010caf81f6
0x0000700003185940:   00007fe400000002 00007fe4ae81b800
0x0000700003185950:   0000000113793270 0000700003185cb0
0x0000700003185960:   00007fe4acf03820 000000011887a4c0
0x0000700003185970:   0000000114f9fa58 0000700003185b10
0x0000700003185980:   0000700003185ca8 00007fe4ae81b800
0x0000700003185990:   00007fe4ae81b800 00007fe4acf03350 

Instructions: (pc=0x000000010e054c6d)
0x000000010e054c4d:   48 8b 00 48 3b 45 d0 0f 84 6b ff ff ff e8 c3 75
0x000000010e054c5d:   00 00 55 48 89 e5 41 56 53 48 83 ec 10 48 89 fb
0x000000010e054c6d:   48 8b 7e 08 48 c7 45 e8 ff ff ff ff 48 8b 07 48
0x000000010e054c7d:   8d 4d e8 48 89 d6 48 89 ca ff 90 c8 04 00 00 83 

Register to memory mapping:

RAX=0x000000010e05348e: Java_sun_instrument_InstrumentationImpl_getObjectSize0+0 in /Library/Java/JavaVirtualMachines/jdk1.8.0_171.jdk/Contents/Home/jre/lib/libinstrument.dylib at 0x000000010e04b000
RBX=0x00007fe4ae81b9f8 is an unknown value
RCX=0x0000700003185850 is pointing into the stack for thread: 0x00007fe4ae81b800
RDX=0x0000700003185850 is pointing into the stack for thread: 0x00007fe4ae81b800
RSP=0x00007000031857a0 is pointing into the stack for thread: 0x00007fe4ae81b800
RBP=0x00007000031857c0 is pointing into the stack for thread: 0x00007fe4ae81b800
RSI=0x0000000000000001 is an unknown value
RDI=0x00007fe4ae81b9f8 is an unknown value
R8 =0x00000001188c24f9 is at code_begin+25 in 
[CodeBlob (0x00000001188c2490)]
Framesize: 0
BufferBlob (0x00000001188c2490) used for Signature Handler Temp Buffer
R9 =0x00000000ffffffe8 is an unknown value
R10=0x0000000118881a5c is at code_begin+1596 in an Interpreter codelet
method entry point (kind = native)  [0x0000000118881420, 0x00000001188823e0]  4032 bytes
R11=0x000000010ccf08f7: throw_unsatisfied_link_error+0 in /Library/Java/JavaVirtualMachines/jdk1.8.0_171.jdk/Contents/Home/jre/lib/server/libjvm.dylib at 0x000000010c809000
R12=0x0000000000000000 is an unknown value
R13={method} {0x0000000113164f60} 'getObjectSize0' '(JLjava/lang/Object;)J' in 'sun/instrument/InstrumentationImpl'
R14=0x0000700003185868 is pointing into the stack for thread: 0x00007fe4ae81b800
R15=0x00007fe4ae81b800 is a thread


Stack: [0x0000700003087000,0x0000700003187000],  sp=0x00007000031857a0,  free space=1017k
Native frames: (J=compiled Java code, j=interpreted, Vv=VM code, C=native code)
C  [libinstrument.dylib+0x9c6d]  getObjectSize+0xe
j  sun.instrument.InstrumentationImpl.getObjectSize0(JLjava/lang/Object;)J+0
j  sun.instrument.InstrumentationImpl.getObjectSize(Ljava/lang/Object;)J+20
v  ~StubRoutines::call_stub
V  [libjvm.dylib+0x2ef1f6]
V  [libjvm.dylib+0x32651c]
V  [libjvm.dylib+0x31824b]
C  [libjdwp.dylib+0x17ff1]  invoker_doInvoke+0xe5c
C  [libjdwp.dylib+0x13ff0]  reportEvents+0x21b
C  [libjdwp.dylib+0x1434d]  event_callback+0x342
C  [libjdwp.dylib+0x11af1]  cbBreakpoint+0xee
V  [libjvm.dylib+0x3965de]
V  [libjvm.dylib+0x2e9b33]
j  org.apache.lucene.search.TopScoreDocCollector$SimpleTopScoreDocCollector$1.collect(I)V+0
j  org.apache.lucene.search.FilterLeafCollector.collect(I)V+5
j  org.apache.lucene.search.BooleanScorer.scoreDocument(Lorg/apache/lucene/search/LeafCollector;II)V+52
j  org.apache.lucene.search.BooleanScorer.scoreMatches(Lorg/apache/lucene/search/LeafCollector;I)V+50
j  org.apache.lucene.search.BooleanScorer.scoreWindowIntoBitSetAndReplay(Lorg/apache/lucene/search/LeafCollector;Lorg/apache/lucene/util/Bits;III[Lorg/apache/lucene/search/BooleanScorer$BulkScorerAndDoc;I)V+64
j  org.apache.lucene.search.BooleanScorer.scoreWindowMultipleScorers(Lorg/apache/lucene/search/LeafCollector;Lorg/apache/lucene/util/Bits;IIII)V+153
j  org.apache.lucene.search.BooleanScorer.scoreWindow(Lorg/apache/lucene/search/BooleanScorer$BulkScorerAndDoc;Lorg/apache/lucene/search/LeafCollector;Lorg/apache/lucene/util/Bits;II)Lorg/apache/lucene/search/BooleanScorer$BulkScorerAndDoc;+162
j  org.apache.lucene.search.BooleanScorer.score(Lorg/apache/lucene/search/LeafCollector;Lorg/apache/lucene/util/Bits;II)I+43
j  org.apache.lucene.search.ConstantScoreQuery$ConstantBulkScorer.score(Lorg/apache/lucene/search/LeafCollector;Lorg/apache/lucene/util/Bits;II)I+13
j  org.apache.lucene.search.BulkScorer.score(Lorg/apache/lucene/search/LeafCollector;Lorg/apache/lucene/util/Bits;)V+6
j  org.apache.lucene.search.IndexSearcher.search(Ljava/util/List;Lorg/apache/lucene/search/Weight;Lorg/apache/lucene/search/Collector;)V+73
j  org.apache.lucene.search.IndexSearcher.search(Lorg/apache/lucene/search/Query;Lorg/apache/lucene/search/Collector;)V+24
j  org.apache.lucene.search.IndexSearcher.search(Lorg/apache/lucene/search/Query;Lorg/apache/lucene/search/CollectorManager;)Ljava/lang/Object;+17
j  org.apache.lucene.search.IndexSearcher.searchAfter(Lorg/apache/lucene/search/ScoreDoc;Lorg/apache/lucene/search/Query;I)Lorg/apache/lucene/search/TopDocs;+91
j  org.apache.lucene.search.IndexSearcher.search(Lorg/apache/lucene/search/Query;I)Lorg/apache/lucene/search/TopDocs;+4
j  lucene.rangeQuery.TermRangeQueryTest.doSearch()V+438
j  lucene.rangeQuery.TermRangeQueryTest.main([Ljava/lang/String;)V+9
v  ~StubRoutines::call_stub
V  [libjvm.dylib+0x2ef1f6]
V  [libjvm.dylib+0x326185]
V  [libjvm.dylib+0x31ef11]
C  [java+0x38ca]  JavaMain+0x9c4
C  [libsystem_pthread.dylib+0x3305]  _pthread_body+0x7e
C  [libsystem_pthread.dylib+0x626f]  _pthread_start+0x46
C  [libsystem_pthread.dylib+0x2415]  thread_start+0xd
C  0x0000000000000000

Java frames: (J=compiled Java code, j=interpreted, Vv=VM code)
j  sun.instrument.InstrumentationImpl.getObjectSize0(JLjava/lang/Object;)J+0
j  sun.instrument.InstrumentationImpl.getObjectSize(Ljava/lang/Object;)J+20
v  ~StubRoutines::call_stub
j  org.apache.lucene.search.TopScoreDocCollector$SimpleTopScoreDocCollector$1.collect(I)V+0
j  org.apache.lucene.search.FilterLeafCollector.collect(I)V+5
j  org.apache.lucene.search.BooleanScorer.scoreDocument(Lorg/apache/lucene/search/LeafCollector;II)V+52
j  org.apache.lucene.search.BooleanScorer.scoreMatches(Lorg/apache/lucene/search/LeafCollector;I)V+50
j  org.apache.lucene.search.BooleanScorer.scoreWindowIntoBitSetAndReplay(Lorg/apache/lucene/search/LeafCollector;Lorg/apache/lucene/util/Bits;III[Lorg/apache/lucene/search/BooleanScorer$BulkScorerAndDoc;I)V+64
j  org.apache.lucene.search.BooleanScorer.scoreWindowMultipleScorers(Lorg/apache/lucene/search/LeafCollector;Lorg/apache/lucene/util/Bits;IIII)V+153
j  org.apache.lucene.search.BooleanScorer.scoreWindow(Lorg/apache/lucene/search/BooleanScorer$BulkScorerAndDoc;Lorg/apache/lucene/search/LeafCollector;Lorg/apache/lucene/util/Bits;II)Lorg/apache/lucene/search/BooleanScorer$BulkScorerAndDoc;+162
j  org.apache.lucene.search.BooleanScorer.score(Lorg/apache/lucene/search/LeafCollector;Lorg/apache/lucene/util/Bits;II)I+43
j  org.apache.lucene.search.ConstantScoreQuery$ConstantBulkScorer.score(Lorg/apache/lucene/search/LeafCollector;Lorg/apache/lucene/util/Bits;II)I+13
j  org.apache.lucene.search.BulkScorer.score(Lorg/apache/lucene/search/LeafCollector;Lorg/apache/lucene/util/Bits;)V+6
j  org.apache.lucene.search.IndexSearcher.search(Ljava/util/List;Lorg/apache/lucene/search/Weight;Lorg/apache/lucene/search/Collector;)V+73
j  org.apache.lucene.search.IndexSearcher.search(Lorg/apache/lucene/search/Query;Lorg/apache/lucene/search/Collector;)V+24
j  org.apache.lucene.search.IndexSearcher.search(Lorg/apache/lucene/search/Query;Lorg/apache/lucene/search/CollectorManager;)Ljava/lang/Object;+17
j  org.apache.lucene.search.IndexSearcher.searchAfter(Lorg/apache/lucene/search/ScoreDoc;Lorg/apache/lucene/search/Query;I)Lorg/apache/lucene/search/TopDocs;+91
j  org.apache.lucene.search.IndexSearcher.search(Lorg/apache/lucene/search/Query;I)Lorg/apache/lucene/search/TopDocs;+4
j  lucene.rangeQuery.TermRangeQueryTest.doSearch()V+438
j  lucene.rangeQuery.TermRangeQueryTest.main([Ljava/lang/String;)V+9
v  ~StubRoutines::call_stub

---------------  P R O C E S S  ---------------

Java Threads: ( => current thread )
  0x00007fe4ad040800 JavaThread "Service Thread" daemon [_thread_blocked, id=16131, stack(0x0000700004037000,0x0000700004137000)]
  0x00007fe4ad01a800 JavaThread "C1 CompilerThread2" daemon [_thread_blocked, id=15619, stack(0x0000700003f34000,0x0000700004034000)]
  0x00007fe4ae8ac000 JavaThread "C2 CompilerThread1" daemon [_thread_blocked, id=18435, stack(0x0000700003e31000,0x0000700003f31000)]
  0x00007fe4ae063800 JavaThread "C2 CompilerThread0" daemon [_thread_blocked, id=15107, stack(0x0000700003d2e000,0x0000700003e2e000)]
  0x00007fe4ae013800 JavaThread "JDWP Command Reader" daemon [_thread_in_native, id=14595, stack(0x0000700003c2b000,0x0000700003d2b000)]
  0x00007fe4ae012800 JavaThread "JDWP Event Helper Thread" daemon [_thread_blocked, id=14083, stack(0x0000700003b28000,0x0000700003c28000)]
  0x00007fe4ad808000 JavaThread "JDWP Transport Listener: dt_socket" daemon [_thread_blocked, id=13575, stack(0x0000700003a25000,0x0000700003b25000)]
  0x00007fe4ad014000 JavaThread "Signal Dispatcher" daemon [_thread_blocked, id=18691, stack(0x0000700003922000,0x0000700003a22000)]
  0x00007fe4ae038800 JavaThread "Finalizer" daemon [_thread_blocked, id=11779, stack(0x000070000381f000,0x000070000391f000)]
  0x00007fe4ad803800 JavaThread "Reference Handler" daemon [_thread_blocked, id=20739, stack(0x000070000371c000,0x000070000381c000)]
=>0x00007fe4ae81b800 JavaThread "main" [_thread_in_native, id=3075, stack(0x0000700003087000,0x0000700003187000)]

Other Threads:
  0x00007fe4ad010800 VMThread [stack: 0x0000700003619000,0x0000700003719000] [id=11523]
  0x00007fe4ad041000 WatcherThread [stack: 0x000070000413a000,0x000070000423a000] [id=17667]

VM state:not at safepoint (normal execution)

VM Mutex/Monitor currently owned by a thread: None

Heap:
 PSYoungGen      total 38400K, used 9195K [0x0000000795580000, 0x0000000798000000, 0x00000007c0000000)
  eden space 33280K, 14% used [0x0000000795580000,0x0000000795a4b2b0,0x0000000797600000)
  from space 5120K, 83% used [0x0000000797600000,0x0000000797a2fab0,0x0000000797b00000)
  to   space 5120K, 0% used [0x0000000797b00000,0x0000000797b00000,0x0000000798000000)
 ParOldGen       total 87552K, used 16K [0x0000000740000000, 0x0000000745580000, 0x0000000795580000)
  object space 87552K, 0% used [0x0000000740000000,0x0000000740004000,0x0000000745580000)
 Metaspace       used 9844K, capacity 10018K, committed 10240K, reserved 1058816K
  class space    used 1130K, capacity 1213K, committed 1280K, reserved 1048576K

Card table byte_map: [0x000000010e4b2000,0x000000010e8b3000] byte_map_base: 0x000000010aab2000

Marking Bits: (ParMarkBitMap*) 0x000000010d1006e0
 Begin Bits: [0x000000010eb5e000, 0x0000000110b5e000)
 End Bits:   [0x0000000110b5e000, 0x0000000112b5e000)

Polling page: 0x000000010d7fb000

CodeCache: size=245760Kb used=2776Kb max_used=2776Kb free=242984Kb
 bounds [0x0000000118861000, 0x0000000118b21000, 0x0000000127861000]
 total_blobs=1005 nmethods=640 adapters=287
 compilation: enabled

Compilation events (10 events):
Event: 116.140 Thread 0x00007fe4ad01a800  636       3       sun.misc.FDBigInteger::mult (64 bytes)
Event: 116.141 Thread 0x00007fe4ad01a800 nmethod 636 0x0000000118b12910 code [0x0000000118b12a80, 0x0000000118b12d30]
Event: 116.141 Thread 0x00007fe4ad01a800  637       3       sun.misc.FDBigInteger::<init> (30 bytes)
Event: 116.141 Thread 0x00007fe4ad01a800 nmethod 637 0x0000000118b16190 code [0x0000000118b16300, 0x0000000118b16528]
Event: 116.142 Thread 0x00007fe4ad01a800  638       3       sun.misc.FDBigInteger::mult (44 bytes)
Event: 116.142 Thread 0x00007fe4ad01a800 nmethod 638 0x0000000118b16610 code [0x0000000118b167a0, 0x0000000118b16b98]
Event: 130.265 Thread 0x00007fe4ad01a800  640       3       java.nio.DirectByteBuffer::get (15 bytes)
Event: 130.267 Thread 0x00007fe4ad01a800 nmethod 640 0x0000000118b17090 code [0x0000000118b17220, 0x0000000118b175c8]
Event: 130.267 Thread 0x00007fe4ad01a800  641       3       java.nio.Buffer::nextGetIndex (31 bytes)
Event: 130.267 Thread 0x00007fe4ad01a800 nmethod 641 0x0000000118b17790 code [0x0000000118b17920, 0x0000000118b17b88]

GC Heap History (2 events):
Event: 0.994 GC heap before
{Heap before GC invocations=1 (full 0):
 PSYoungGen      total 38400K, used 33280K [0x0000000795580000, 0x0000000798000000, 0x00000007c0000000)
  eden space 33280K, 100% used [0x0000000795580000,0x0000000797600000,0x0000000797600000)
  from space 5120K, 0% used [0x0000000797b00000,0x0000000797b00000,0x0000000798000000)
  to   space 5120K, 0% used [0x0000000797600000,0x0000000797600000,0x0000000797b00000)
 ParOldGen       total 87552K, used 0K [0x0000000740000000, 0x0000000745580000, 0x0000000795580000)
  object space 87552K, 0% used [0x0000000740000000,0x0000000740000000,0x0000000745580000)
 Metaspace       used 9355K, capacity 9556K, committed 9600K, reserved 1058816K
  class space    used 1064K, capacity 1144K, committed 1152K, reserved 1048576K
Event: 0.999 GC heap after
Heap after GC invocations=1 (full 0):
 PSYoungGen      total 38400K, used 4286K [0x0000000795580000, 0x0000000798000000, 0x00000007c0000000)
  eden space 33280K, 0% used [0x0000000795580000,0x0000000795580000,0x0000000797600000)
  from space 5120K, 83% used [0x0000000797600000,0x0000000797a2fab0,0x0000000797b00000)
  to   space 5120K, 0% used [0x0000000797b00000,0x0000000797b00000,0x0000000798000000)
 ParOldGen       total 87552K, used 16K [0x0000000740000000, 0x0000000745580000, 0x0000000795580000)
  object space 87552K, 0% used [0x0000000740000000,0x0000000740004000,0x0000000745580000)
 Metaspace       used 9355K, capacity 9556K, committed 9600K, reserved 1058816K
  class space    used 1064K, capacity 1144K, committed 1152K, reserved 1048576K
}

Deoptimization events (2 events):
Event: 0.470 Thread 0x00007fe4ae81b800 Uncommon trap: reason=unstable_if action=reinterpret pc=0x0000000118a53498 method=sun.misc.URLClassPath.getLoader(I)Lsun/misc/URLClassPath$Loader; @ 36
Event: 0.912 Thread 0x00007fe4ae81b800 Uncommon trap: reason=unstable_if action=reinterpret pc=0x0000000118af5bc0 method=java.util.HashMap.hash(Ljava/lang/Object;)I @ 1

Classes redefined (0 events):
No events

Internal exceptions (10 events):
Event: 0.277 Thread 0x00007fe4ae81b800 Exception <a 'java/lang/NoSuchFieldError': method resolution failed> (0x0000000795bb73e8) thrown at [/Users/java_re/workspace/8-2-build-macosx-x86_64/jdk8u171/10807/hotspot/src/share/vm/prims/methodHandles.cpp, line 1167]
Event: 0.279 Thread 0x00007fe4ae81b800 Exception <a 'java/lang/NoSuchFieldError': method resolution failed> (0x0000000795bc5d38) thrown at [/Users/java_re/workspace/8-2-build-macosx-x86_64/jdk8u171/10807/hotspot/src/share/vm/prims/methodHandles.cpp, line 1167]
Event: 0.324 Thread 0x00007fe4ae81b800 Exception <a 'java/lang/NoSuchMethodError': sun.misc.Unsafe.invokeCleaner(Ljava/nio/ByteBuffer;)V> (0x0000000795c85c08) thrown at [/Users/java_re/workspace/8-2-build-macosx-x86_64/jdk8u171/10807/hotspot/src/share/vm/interpreter/linkResolver.cpp, line 620]
Event: 0.392 Thread 0x00007fe4ae81b800 Exception <a 'sun/nio/fs/UnixException'> (0x0000000795d377c8) thrown at [/Users/java_re/workspace/8-2-build-macosx-x86_64/jdk8u171/10807/hotspot/src/share/vm/prims/jni.cpp, line 709]
Event: 0.470 Thread 0x00007fe4ae81b800 Exception <a 'java/security/PrivilegedActionException'> (0x00000007960e4340) thrown at [/Users/java_re/workspace/8-2-build-macosx-x86_64/jdk8u171/10807/hotspot/src/share/vm/prims/jvm.cpp, line 1435]
Event: 0.470 Thread 0x00007fe4ae81b800 Exception <a 'java/security/PrivilegedActionException'> (0x00000007960e4550) thrown at [/Users/java_re/workspace/8-2-build-macosx-x86_64/jdk8u171/10807/hotspot/src/share/vm/prims/jvm.cpp, line 1435]
Event: 0.470 Thread 0x00007fe4ae81b800 Exception <a 'java/security/PrivilegedActionException'> (0x00000007960e7880) thrown at [/Users/java_re/workspace/8-2-build-macosx-x86_64/jdk8u171/10807/hotspot/src/share/vm/prims/jvm.cpp, line 1435]
Event: 0.470 Thread 0x00007fe4ae81b800 Exception <a 'java/security/PrivilegedActionException'> (0x00000007960e7a90) thrown at [/Users/java_re/workspace/8-2-build-macosx-x86_64/jdk8u171/10807/hotspot/src/share/vm/prims/jvm.cpp, line 1435]
Event: 0.552 Thread 0x00007fe4ae81b800 Exception <a 'sun/nio/fs/UnixException'> (0x00000007965d8a30) thrown at [/Users/java_re/workspace/8-2-build-macosx-x86_64/jdk8u171/10807/hotspot/src/share/vm/prims/jni.cpp, line 709]
Event: 0.912 Thread 0x00007fe4ae81b800 Implicit null exception at 0x0000000118af58f4 to 0x0000000118af5ba9

Events (10 events):
Event: 348.243 Executing VM operation: GetOrSetLocal
Event: 348.243 Executing VM operation: GetOrSetLocal done
Event: 348.243 Executing VM operation: GetOrSetLocal
Event: 348.244 Executing VM operation: GetOrSetLocal done
Event: 348.246 Executing VM operation: GetOrSetLocal
Event: 348.246 Executing VM operation: GetOrSetLocal done
Event: 412.826 Executing VM operation: ChangeBreakpoints
Event: 412.826 Executing VM operation: ChangeBreakpoints done
Event: 491.392 Executing VM operation: GetOrSetLocal
Event: 491.392 Executing VM operation: GetOrSetLocal done


Dynamic libraries:
0x000000000562b000 	/System/Library/Frameworks/Cocoa.framework/Versions/A/Cocoa
0x000000000562b000 	/System/Library/Frameworks/Security.framework/Versions/A/Security
0x000000000562b000 	/System/Library/Frameworks/ApplicationServices.framework/Versions/A/ApplicationServices
0x000000000562b000 	/usr/lib/libz.1.dylib
0x000000000562b000 	/usr/lib/libSystem.B.dylib
0x000000000562b000 	/usr/lib/libobjc.A.dylib
0x000000000562b000 	/System/Library/Frameworks/CoreFoundation.framework/Versions/A/CoreFoundation
0x000000000562b000 	/System/Library/Frameworks/Foundation.framework/Versions/C/Foundation
0x000000000562b000 	/System/Library/Frameworks/AppKit.framework/Versions/C/AppKit
0x000000000562b000 	/System/Library/Frameworks/CoreData.framework/Versions/A/CoreData
0x000000000562b000 	/System/Library/PrivateFrameworks/RemoteViewServices.framework/Versions/A/RemoteViewServices
0x000000000562b000 	/System/Library/PrivateFrameworks/UIFoundation.framework/Versions/A/UIFoundation
0x000000000562b000 	/System/Library/PrivateFrameworks/XCTTargetBootstrap.framework/Versions/A/XCTTargetBootstrap
0x000000000562b000 	/System/Library/PrivateFrameworks/IconServices.framework/Versions/A/IconServices
0x000000000562b000 	/System/Library/Frameworks/Metal.framework/Versions/A/Metal
0x000000000562b000 	/System/Library/PrivateFrameworks/DesktopServicesPriv.framework/Versions/A/DesktopServicesPriv
0x000000000562b000 	/usr/lib/libenergytrace.dylib
0x000000000562b000 	/System/Library/PrivateFrameworks/SkyLight.framework/Versions/A/SkyLight
0x000000000562b000 	/System/Library/Frameworks/CoreGraphics.framework/Versions/A/CoreGraphics
0x000000000562b000 	/System/Library/Frameworks/Accelerate.framework/Versions/A/Accelerate
0x000000000562b000 	/System/Library/Frameworks/IOSurface.framework/Versions/A/IOSurface
0x000000000562b000 	/System/Library/PrivateFrameworks/DFRFoundation.framework/Versions/A/DFRFoundation
0x000000000562b000 	/System/Library/Frameworks/AudioToolbox.framework/Versions/A/AudioToolbox
0x000000000562b000 	/System/Library/Frameworks/AudioUnit.framework/Versions/A/AudioUnit
0x000000000562b000 	/System/Library/PrivateFrameworks/DataDetectorsCore.framework/Versions/A/DataDetectorsCore
0x000000000562b000 	/System/Library/Frameworks/Carbon.framework/Versions/A/Frameworks/HIToolbox.framework/Versions/A/HIToolbox
0x000000000562b000 	/usr/lib/libicucore.A.dylib
0x000000000562b000 	/System/Library/Frameworks/QuartzCore.framework/Versions/A/QuartzCore
0x000000000562b000 	/System/Library/Frameworks/Carbon.framework/Versions/A/Frameworks/SpeechRecognition.framework/Versions/A/SpeechRecognition
0x000000000562b000 	/usr/lib/libauto.dylib
0x000000000562b000 	/usr/lib/libxml2.2.dylib
0x000000000562b000 	/System/Library/PrivateFrameworks/CoreUI.framework/Versions/A/CoreUI
0x000000000562b000 	/System/Library/Frameworks/CoreAudio.framework/Versions/A/CoreAudio
0x000000000562b000 	/System/Library/Frameworks/DiskArbitration.framework/Versions/A/DiskArbitration
0x000000000562b000 	/usr/lib/liblangid.dylib
0x000000000562b000 	/System/Library/PrivateFrameworks/MultitouchSupport.framework/Versions/A/MultitouchSupport
0x000000000562b000 	/System/Library/Frameworks/IOKit.framework/Versions/A/IOKit
0x000000000562b000 	/usr/lib/libDiagnosticMessagesClient.dylib
0x000000000562b000 	/System/Library/Frameworks/CoreServices.framework/Versions/A/CoreServices
0x000000000562b000 	/System/Library/PrivateFrameworks/PerformanceAnalysis.framework/Versions/A/PerformanceAnalysis
0x000000000562b000 	/System/Library/Frameworks/OpenGL.framework/Versions/A/OpenGL
0x000000000562b000 	/System/Library/Frameworks/ColorSync.framework/Versions/A/ColorSync
0x000000000562b000 	/System/Library/Frameworks/CoreImage.framework/Versions/A/CoreImage
0x000000000562b000 	/System/Library/Frameworks/CoreText.framework/Versions/A/CoreText
0x000000000562b000 	/System/Library/Frameworks/ImageIO.framework/Versions/A/ImageIO
0x000000000562b000 	/System/Library/PrivateFrameworks/Backup.framework/Versions/A/Backup
0x000000000562b000 	/usr/lib/libarchive.2.dylib
0x000000000562b000 	/System/Library/Frameworks/CFNetwork.framework/Versions/A/CFNetwork
0x000000000562b000 	/System/Library/Frameworks/SystemConfiguration.framework/Versions/A/SystemConfiguration
0x000000000562b000 	/usr/lib/libCRFSuite.dylib
0x000000000562b000 	/usr/lib/libc++.1.dylib
0x000000000562b000 	/usr/lib/libc++abi.dylib
0x000000000562b000 	/usr/lib/system/libcache.dylib
0x000000000562b000 	/usr/lib/system/libcommonCrypto.dylib
0x000000000562b000 	/usr/lib/system/libcompiler_rt.dylib
0x000000000562b000 	/usr/lib/system/libcopyfile.dylib
0x000000000562b000 	/usr/lib/system/libcorecrypto.dylib
0x000000000562b000 	/usr/lib/system/libdispatch.dylib
0x000000000562b000 	/usr/lib/system/libdyld.dylib
0x000000000562b000 	/usr/lib/system/libkeymgr.dylib
0x000000000562b000 	/usr/lib/system/liblaunch.dylib
0x000000000562b000 	/usr/lib/system/libmacho.dylib
0x000000000562b000 	/usr/lib/system/libquarantine.dylib
0x000000000562b000 	/usr/lib/system/libremovefile.dylib
0x000000000562b000 	/usr/lib/system/libsystem_asl.dylib
0x000000000562b000 	/usr/lib/system/libsystem_blocks.dylib
0x000000000562b000 	/usr/lib/system/libsystem_c.dylib
0x000000000562b000 	/usr/lib/system/libsystem_configuration.dylib
0x000000000562b000 	/usr/lib/system/libsystem_coreservices.dylib
0x000000000562b000 	/usr/lib/system/libsystem_darwin.dylib
0x000000000562b000 	/usr/lib/system/libsystem_dnssd.dylib
0x000000000562b000 	/usr/lib/system/libsystem_info.dylib
0x000000000562b000 	/usr/lib/system/libsystem_m.dylib
0x000000000562b000 	/usr/lib/system/libsystem_malloc.dylib
0x000000000562b000 	/usr/lib/system/libsystem_networkextension.dylib
0x000000000562b000 	/usr/lib/system/libsystem_notify.dylib
0x000000000562b000 	/usr/lib/system/libsystem_sandbox.dylib
0x000000000562b000 	/usr/lib/system/libsystem_secinit.dylib
0x000000000562b000 	/usr/lib/system/libsystem_kernel.dylib
0x000000000562b000 	/usr/lib/system/libsystem_platform.dylib
0x000000000562b000 	/usr/lib/system/libsystem_pthread.dylib
0x000000000562b000 	/usr/lib/system/libsystem_symptoms.dylib
0x000000000562b000 	/usr/lib/system/libsystem_trace.dylib
0x000000000562b000 	/usr/lib/system/libunwind.dylib
0x000000000562b000 	/usr/lib/system/libxpc.dylib
0x000000000562b000 	/usr/lib/libbsm.0.dylib
0x000000000562b000 	/usr/lib/system/libkxld.dylib
0x000000000562b000 	/System/Library/PrivateFrameworks/AppleFSCompression.framework/Versions/A/AppleFSCompression
0x000000000562b000 	/usr/lib/libOpenScriptingUtil.dylib
0x000000000562b000 	/usr/lib/libcoretls.dylib
0x000000000562b000 	/usr/lib/libcoretls_cfhelpers.dylib
0x000000000562b000 	/usr/lib/libpam.2.dylib
0x000000000562b000 	/usr/lib/libsqlite3.dylib
0x000000000562b000 	/usr/lib/libxar.1.dylib
0x000000000562b000 	/usr/lib/libbz2.1.0.dylib
0x000000000562b000 	/usr/lib/liblzma.5.dylib
0x000000000562b000 	/usr/lib/libnetwork.dylib
0x000000000562b000 	/usr/lib/libapple_nghttp2.dylib
0x000000000562b000 	/usr/lib/libpcap.A.dylib
0x000000000562b000 	/System/Library/Frameworks/CoreServices.framework/Versions/A/Frameworks/FSEvents.framework/Versions/A/FSEvents
0x000000000562b000 	/System/Library/Frameworks/CoreServices.framework/Versions/A/Frameworks/CarbonCore.framework/Versions/A/CarbonCore
0x000000000562b000 	/System/Library/Frameworks/CoreServices.framework/Versions/A/Frameworks/Metadata.framework/Versions/A/Metadata
0x000000000562b000 	/System/Library/Frameworks/CoreServices.framework/Versions/A/Frameworks/OSServices.framework/Versions/A/OSServices
0x000000000562b000 	/System/Library/Frameworks/CoreServices.framework/Versions/A/Frameworks/SearchKit.framework/Versions/A/SearchKit
0x000000000562b000 	/System/Library/Frameworks/CoreServices.framework/Versions/A/Frameworks/AE.framework/Versions/A/AE
0x000000000562b000 	/System/Library/Frameworks/CoreServices.framework/Versions/A/Frameworks/LaunchServices.framework/Versions/A/LaunchServices
0x000000000562b000 	/System/Library/Frameworks/CoreServices.framework/Versions/A/Frameworks/DictionaryServices.framework/Versions/A/DictionaryServices
0x000000000562b000 	/System/Library/Frameworks/CoreServices.framework/Versions/A/Frameworks/SharedFileList.framework/Versions/A/SharedFileList
0x000000000562b000 	/System/Library/Frameworks/NetFS.framework/Versions/A/NetFS
0x000000000562b000 	/System/Library/PrivateFrameworks/NetAuth.framework/Versions/A/NetAuth
0x000000000562b000 	/System/Library/PrivateFrameworks/login.framework/Versions/A/Frameworks/loginsupport.framework/Versions/A/loginsupport
0x000000000562b000 	/System/Library/PrivateFrameworks/TCC.framework/Versions/A/TCC
0x000000000562b000 	/System/Library/PrivateFrameworks/CoreNLP.framework/Versions/A/CoreNLP
0x000000000562b000 	/System/Library/PrivateFrameworks/MetadataUtilities.framework/Versions/A/MetadataUtilities
0x000000000562b000 	/usr/lib/libmecabra.dylib
0x000000000562b000 	/System/Library/Frameworks/ApplicationServices.framework/Versions/A/Frameworks/ATS.framework/Versions/A/ATS
0x000000000562b000 	/System/Library/Frameworks/ApplicationServices.framework/Versions/A/Frameworks/ColorSyncLegacy.framework/Versions/A/ColorSyncLegacy
0x000000000562b000 	/System/Library/Frameworks/ApplicationServices.framework/Versions/A/Frameworks/HIServices.framework/Versions/A/HIServices
0x000000000562b000 	/System/Library/Frameworks/ApplicationServices.framework/Versions/A/Frameworks/LangAnalysis.framework/Versions/A/LangAnalysis
0x000000000562b000 	/System/Library/Frameworks/ApplicationServices.framework/Versions/A/Frameworks/PrintCore.framework/Versions/A/PrintCore
0x000000000562b000 	/System/Library/Frameworks/ApplicationServices.framework/Versions/A/Frameworks/QD.framework/Versions/A/QD
0x000000000562b000 	/System/Library/Frameworks/ApplicationServices.framework/Versions/A/Frameworks/SpeechSynthesis.framework/Versions/A/SpeechSynthesis
0x000000000562b000 	/usr/lib/libcompression.dylib
0x000000000562b000 	/System/Library/Frameworks/CoreDisplay.framework/Versions/A/CoreDisplay
0x000000000562b000 	/System/Library/Frameworks/MetalPerformanceShaders.framework/Versions/A/MetalPerformanceShaders
0x000000000562b000 	/System/Library/Frameworks/Accelerate.framework/Versions/A/Frameworks/vImage.framework/Versions/A/vImage
0x000000000562b000 	/System/Library/Frameworks/Accelerate.framework/Versions/A/Frameworks/vecLib.framework/Versions/A/vecLib
0x000000000562b000 	/System/Library/Frameworks/Accelerate.framework/Versions/A/Frameworks/vecLib.framework/Versions/A/libvMisc.dylib
0x000000000562b000 	/System/Library/Frameworks/Accelerate.framework/Versions/A/Frameworks/vecLib.framework/Versions/A/libvDSP.dylib
0x000000000562b000 	/System/Library/Frameworks/Accelerate.framework/Versions/A/Frameworks/vecLib.framework/Versions/A/libBLAS.dylib
0x000000000562b000 	/System/Library/Frameworks/Accelerate.framework/Versions/A/Frameworks/vecLib.framework/Versions/A/libLAPACK.dylib
0x000000000562b000 	/System/Library/Frameworks/Accelerate.framework/Versions/A/Frameworks/vecLib.framework/Versions/A/libLinearAlgebra.dylib
0x000000000562b000 	/System/Library/Frameworks/Accelerate.framework/Versions/A/Frameworks/vecLib.framework/Versions/A/libSparseBLAS.dylib
0x000000000562b000 	/System/Library/Frameworks/Accelerate.framework/Versions/A/Frameworks/vecLib.framework/Versions/A/libQuadrature.dylib
0x000000000562b000 	/System/Library/Frameworks/Accelerate.framework/Versions/A/Frameworks/vecLib.framework/Versions/A/libBNNS.dylib
0x000000000562b000 	/System/Library/Frameworks/Accelerate.framework/Versions/A/Frameworks/vecLib.framework/Versions/A/libSparse.dylib
0x000000000562b000 	/System/Library/PrivateFrameworks/GPUWrangler.framework/Versions/A/GPUWrangler
0x000000000562b000 	/System/Library/PrivateFrameworks/IOAccelerator.framework/Versions/A/IOAccelerator
0x000000000562b000 	/System/Library/PrivateFrameworks/IOPresentment.framework/Versions/A/IOPresentment
0x000000000562b000 	/System/Library/PrivateFrameworks/DSExternalDisplay.framework/Versions/A/DSExternalDisplay
0x000000000562b000 	/System/Library/Frameworks/OpenGL.framework/Versions/A/Libraries/libCoreFSCache.dylib
0x000000000562b000 	/System/Library/Frameworks/MetalPerformanceShaders.framework/Frameworks/MPSCore.framework/Versions/A/MPSCore
0x000000000562b000 	/System/Library/Frameworks/MetalPerformanceShaders.framework/Frameworks/MPSImage.framework/Versions/A/MPSImage
0x000000000562b000 	/System/Library/Frameworks/MetalPerformanceShaders.framework/Frameworks/MPSNeuralNetwork.framework/Versions/A/MPSNeuralNetwork
0x000000000562b000 	/System/Library/Frameworks/MetalPerformanceShaders.framework/Frameworks/MPSMatrix.framework/Versions/A/MPSMatrix
0x000000000562b000 	/System/Library/Frameworks/MetalPerformanceShaders.framework/Frameworks/MPSRayIntersector.framework/Versions/A/MPSRayIntersector
0x000000000562b000 	/System/Library/PrivateFrameworks/MetalTools.framework/Versions/A/MetalTools
0x000000000562b000 	/System/Library/PrivateFrameworks/AggregateDictionary.framework/Versions/A/AggregateDictionary
0x000000000562b000 	/usr/lib/libMobileGestalt.dylib
0x000000000562b000 	/System/Library/Frameworks/CoreVideo.framework/Versions/A/CoreVideo
0x000000000562b000 	/System/Library/PrivateFrameworks/GraphVisualizer.framework/Versions/A/GraphVisualizer
0x000000000562b000 	/System/Library/PrivateFrameworks/FaceCore.framework/Versions/A/FaceCore
0x000000000562b000 	/System/Library/Frameworks/OpenCL.framework/Versions/A/OpenCL
0x000000000562b000 	/usr/lib/libFosl_dynamic.dylib
0x000000000562b000 	/System/Library/PrivateFrameworks/OTSVG.framework/Versions/A/OTSVG
0x000000000562b000 	/System/Library/Frameworks/ApplicationServices.framework/Versions/A/Frameworks/ATS.framework/Versions/A/Resources/libFontParser.dylib
0x000000000562b000 	/System/Library/Frameworks/ApplicationServices.framework/Versions/A/Frameworks/ATS.framework/Versions/A/Resources/libFontRegistry.dylib
0x000000000562b000 	/System/Library/Frameworks/ImageIO.framework/Versions/A/Resources/libJPEG.dylib
0x000000000562b000 	/System/Library/Frameworks/ImageIO.framework/Versions/A/Resources/libTIFF.dylib
0x000000000562b000 	/System/Library/Frameworks/ImageIO.framework/Versions/A/Resources/libPng.dylib
0x000000000562b000 	/System/Library/Frameworks/ImageIO.framework/Versions/A/Resources/libGIF.dylib
0x000000000562b000 	/System/Library/Frameworks/ImageIO.framework/Versions/A/Resources/libJP2.dylib
0x000000000562b000 	/System/Library/Frameworks/ImageIO.framework/Versions/A/Resources/libRadiance.dylib
0x000000000562b000 	/System/Library/PrivateFrameworks/AppleJPEG.framework/Versions/A/AppleJPEG
0x000000000562b000 	/System/Library/Frameworks/OpenGL.framework/Versions/A/Libraries/libGFXShared.dylib
0x000000000562b000 	/System/Library/Frameworks/OpenGL.framework/Versions/A/Libraries/libGLU.dylib
0x000000000562b000 	/System/Library/Frameworks/OpenGL.framework/Versions/A/Libraries/libGL.dylib
0x000000000562b000 	/System/Library/Frameworks/OpenGL.framework/Versions/A/Libraries/libGLImage.dylib
0x000000000562b000 	/System/Library/Frameworks/OpenGL.framework/Versions/A/Libraries/libCVMSPluginSupport.dylib
0x000000000562b000 	/System/Library/Frameworks/OpenGL.framework/Versions/A/Libraries/libCoreVMClient.dylib
0x000000000562b000 	/usr/lib/libcups.2.dylib
0x000000000562b000 	/System/Library/Frameworks/Kerberos.framework/Versions/A/Kerberos
0x000000000562b000 	/System/Library/Frameworks/GSS.framework/Versions/A/GSS
0x000000000562b000 	/usr/lib/libresolv.9.dylib
0x000000000562b000 	/usr/lib/libiconv.2.dylib
0x000000000562b000 	/System/Library/PrivateFrameworks/Heimdal.framework/Versions/A/Heimdal
0x000000000562b000 	/usr/lib/libheimdal-asn1.dylib
0x000000000562b000 	/System/Library/Frameworks/OpenDirectory.framework/Versions/A/OpenDirectory
0x000000000562b000 	/System/Library/PrivateFrameworks/CommonAuth.framework/Versions/A/CommonAuth
0x000000000562b000 	/System/Library/Frameworks/OpenDirectory.framework/Versions/A/Frameworks/CFOpenDirectory.framework/Versions/A/CFOpenDirectory
0x000000000562b000 	/System/Library/Frameworks/SecurityFoundation.framework/Versions/A/SecurityFoundation
0x000000000562b000 	/System/Library/PrivateFrameworks/APFS.framework/Versions/A/APFS
0x000000000562b000 	/usr/lib/libutil.dylib
0x000000000562b000 	/usr/lib/libcharset.1.dylib
0x000000000562b000 	/System/Library/PrivateFrameworks/AppleSauce.framework/Versions/A/AppleSauce
0x000000000562b000 	/System/Library/PrivateFrameworks/AssertionServices.framework/Versions/A/AssertionServices
0x000000000562b000 	/System/Library/PrivateFrameworks/BaseBoard.framework/Versions/A/BaseBoard
0x000000000562b000 	/usr/lib/libmecab.1.0.0.dylib
0x000000000562b000 	/usr/lib/libgermantok.dylib
0x000000000562b000 	/usr/lib/libThaiTokenizer.dylib
0x000000000562b000 	/usr/lib/libChineseTokenizer.dylib
0x000000000562b000 	/System/Library/PrivateFrameworks/LanguageModeling.framework/Versions/A/LanguageModeling
0x000000000562b000 	/System/Library/PrivateFrameworks/CoreEmoji.framework/Versions/A/CoreEmoji
0x000000000562b000 	/System/Library/PrivateFrameworks/Lexicon.framework/Versions/A/Lexicon
0x000000000562b000 	/System/Library/PrivateFrameworks/LinguisticData.framework/Versions/A/LinguisticData
0x000000000562b000 	/usr/lib/libcmph.dylib
0x000000000562b000 	/System/Library/Frameworks/ServiceManagement.framework/Versions/A/ServiceManagement
0x000000000562b000 	/System/Library/PrivateFrameworks/BackgroundTaskManagement.framework/Versions/A/BackgroundTaskManagement
0x000000000562b000 	/usr/lib/libxslt.1.dylib
0x000000000562b000 	/System/Library/Frameworks/Carbon.framework/Versions/A/Frameworks/Ink.framework/Versions/A/Ink
0x000000000562b000 	/System/Library/PrivateFrameworks/TextureIO.framework/Versions/A/TextureIO
0x000000000562b000 	/usr/lib/libate.dylib
0x000000000562b000 	/System/Library/PrivateFrameworks/CrashReporterSupport.framework/Versions/A/CrashReporterSupport
0x000000000562b000 	/System/Library/PrivateFrameworks/Sharing.framework/Versions/A/Sharing
0x000000000562b000 	/System/Library/PrivateFrameworks/AuthKit.framework/Versions/A/AuthKit
0x000000000562b000 	/System/Library/PrivateFrameworks/Apple80211.framework/Versions/A/Apple80211
0x000000000562b000 	/System/Library/PrivateFrameworks/CoreUtils.framework/Versions/A/CoreUtils
0x000000000562b000 	/System/Library/Frameworks/CoreWLAN.framework/Versions/A/CoreWLAN
0x000000000562b000 	/System/Library/Frameworks/IOBluetooth.framework/Versions/A/IOBluetooth
0x000000000562b000 	/System/Library/PrivateFrameworks/ProtocolBuffer.framework/Versions/A/ProtocolBuffer
0x000000000562b000 	/System/Library/PrivateFrameworks/MobileKeyBag.framework/Versions/A/MobileKeyBag
0x000000000562b000 	/System/Library/PrivateFrameworks/CorePhoneNumbers.framework/Versions/A/CorePhoneNumbers
0x000000000562b000 	/System/Library/PrivateFrameworks/AppleIDAuthSupport.framework/Versions/A/AppleIDAuthSupport
0x000000000562b000 	/System/Library/PrivateFrameworks/KeychainCircle.framework/Versions/A/KeychainCircle
0x000000000562b000 	/System/Library/PrivateFrameworks/ROCKit.framework/Versions/A/ROCKit
0x000000000562b000 	/System/Library/PrivateFrameworks/CoreWiFi.framework/Versions/A/CoreWiFi
0x000000000562b000 	/System/Library/Frameworks/CoreBluetooth.framework/Versions/A/CoreBluetooth
0x000000000562b000 	/System/Library/PrivateFrameworks/DebugSymbols.framework/Versions/A/DebugSymbols
0x000000000562b000 	/System/Library/PrivateFrameworks/CoreSymbolication.framework/Versions/A/CoreSymbolication
0x000000000562b000 	/System/Library/PrivateFrameworks/Symbolication.framework/Versions/A/Symbolication
0x000000000562b000 	/System/Library/PrivateFrameworks/SpeechRecognitionCore.framework/Versions/A/SpeechRecognitionCore
0x000000000562b000 	/System/Library/CoreServices/Encodings/libSimplifiedChineseConverter.dylib
0x000000010c809000 	/Library/Java/JavaVirtualMachines/jdk1.8.0_171.jdk/Contents/Home/jre/lib/server/libjvm.dylib
0x000000000562b000 	/usr/lib/libstdc++.6.dylib
0x000000010d7b7000 	/Library/Java/JavaVirtualMachines/jdk1.8.0_171.jdk/Contents/Home/jre/lib/libverify.dylib
0x000000010d7c5000 	/Library/Java/JavaVirtualMachines/jdk1.8.0_171.jdk/Contents/Home/jre/lib/libjava.dylib
0x000000010e000000 	/Library/Java/JavaVirtualMachines/jdk1.8.0_171.jdk/Contents/Home/jre/lib/libjdwp.dylib
0x000000010d7fc000 	/Library/Java/JavaVirtualMachines/jdk1.8.0_171.jdk/Contents/Home/jre/lib/libnpt.dylib
0x000000010e04b000 	/Library/Java/JavaVirtualMachines/jdk1.8.0_171.jdk/Contents/Home/jre/lib/libinstrument.dylib
0x000000010e0e9000 	/Library/Java/JavaVirtualMachines/jdk1.8.0_171.jdk/Contents/Home/jre/lib/libzip.dylib
0x0000000114a3c000 	/Library/Java/JavaVirtualMachines/jdk1.8.0_171.jdk/Contents/Home/jre/lib/libdt_socket.dylib
0x0000000114bf7000 	/Library/Java/JavaVirtualMachines/jdk1.8.0_171.jdk/Contents/Home/jre/lib/libnio.dylib
0x0000000114c07000 	/Library/Java/JavaVirtualMachines/jdk1.8.0_171.jdk/Contents/Home/jre/lib/./libnet.dylib
0x0000000114c66000 	/Library/Java/JavaVirtualMachines/jdk1.8.0_171.jdk/Contents/Home/jre/lib/libmanagement.dylib

VM Arguments:
jvm_args: -agentlib:jdwp=transport=dt_socket,address=127.0.0.1:53233,suspend=y,server=n -Dvisualvm.id=666262967084384 -javaagent:/Users/luxugang/Library/Caches/IntelliJIdea2019.1/captureAgent/debugger-agent.jar -Dfile.encoding=UTF-8 
java_command: lucene.rangeQuery.TermRangeQueryTest
java_class_path (initial): /Library/Java/JavaVirtualMachines/jdk1.8.0_171.jdk/Contents/Home/jre/lib/charsets.jar:/Library/Java/JavaVirtualMachines/jdk1.8.0_171.jdk/Contents/Home/jre/lib/deploy.jar:/Library/Java/JavaVirtualMachines/jdk1.8.0_171.jdk/Contents/Home/jre/lib/ext/cldrdata.jar:/Library/Java/JavaVirtualMachines/jdk1.8.0_171.jdk/Contents/Home/jre/lib/ext/dnsns.jar:/Library/Java/JavaVirtualMachines/jdk1.8.0_171.jdk/Contents/Home/jre/lib/ext/jaccess.jar:/Library/Java/JavaVirtualMachines/jdk1.8.0_171.jdk/Contents/Home/jre/lib/ext/jfxrt.jar:/Library/Java/JavaVirtualMachines/jdk1.8.0_171.jdk/Contents/Home/jre/lib/ext/localedata.jar:/Library/Java/JavaVirtualMachines/jdk1.8.0_171.jdk/Contents/Home/jre/lib/ext/nashorn.jar:/Library/Java/JavaVirtualMachines/jdk1.8.0_171.jdk/Contents/Home/jre/lib/ext/sunec.jar:/Library/Java/JavaVirtualMachines/jdk1.8.0_171.jdk/Contents/Home/jre/lib/ext/sunjce_provider.jar:/Library/Java/JavaVirtualMachines/jdk1.8.0_171.jdk/Contents/Home/jre/lib/ext/sunpkcs11.jar:/Library/Java/JavaVirtualMachines/jdk1.8.0_171.jdk/Contents/Home/jre/lib/ext/zipfs.jar:/Library/Java/JavaVirtualMachines/jdk1.8.0_171.jdk/Contents/Home/jre/lib/javaws.jar:/Library/Java/JavaVirtualMachines/jdk1.8.0_171.jdk/Contents/Home/jre/lib/jce.jar:/Library/Java/JavaVirtualMachines/jdk1.8.0_171.jdk/Contents/Home/jre/lib/jfr.jar:/Library/Java/JavaVirtualMachines/jdk1.8.0_171.jdk/Contents/Home/jre/lib/jfxswt.jar:/Library/Java/JavaVirtualMachines/jdk1.8.0_171.jdk/Contents/Home/jre/lib/jsse.jar:/Library/Java/JavaVirtualMachines/jdk1.8.0_171.jdk/Contents/Home/jre/lib/management-agent.jar:/Library/Java/JavaVirtualMachines/jdk1.8.0_171.jdk/Contents/Home/jre/lib/plugin.jar:/Library/Java/JavaVirtualMachines/jdk1.8.0_171.jdk/Contents/Home/jre/lib/resources.jar:/Library/Java/JavaVirtualMachines/jdk1.8.0_171.jdk/Contents/Home/jre/lib/rt.jar:/Library/Java/JavaVirtualMachines/jdk1.8.0_171.jdk/Contents/Home/lib/ant-javafx.jar:/Library/Java/JavaVirtualMachines/jdk1.8.0_171.jdk/Contents/Home
Launcher Type: SUN_STANDARD

Environment Variables:
JAVA_HOME=/Library/Java/JavaVirtualMachines/jdk1.8.0_171.jdk/Contents/Home
PATH=/Users/luxugang/anaconda3/bin:/Library/Frameworks/Python.framework/Versions/3.6/bin:/Library/Frameworks/Python.framework/Versions/3.7/bin:/Library/Frameworks/Python.framework/Versions/3.7/bin:/Library/Java/JavaVirtualMachines/jdk1.8.0_171.jdk/Contents/Home/bin:/usr/local/bin:/usr/bin:/bin:/usr/sbin:/sbin:
SHELL=/bin/bash

Signal Handlers:
SIGSEGV: [libjvm.dylib+0x5b512d], sa_mask[0]=11111111011111110111111111111111, sa_flags=SA_ONSTACK|SA_RESTART|SA_SIGINFO
SIGBUS: [libjvm.dylib+0x5b512d], sa_mask[0]=11111111011111110111111111111111, sa_flags=SA_RESTART|SA_SIGINFO
SIGFPE: [libjvm.dylib+0x48aa90], sa_mask[0]=11111111011111110111111111111111, sa_flags=SA_RESTART|SA_SIGINFO
SIGPIPE: [libjvm.dylib+0x48aa90], sa_mask[0]=11111111011111110111111111111111, sa_flags=SA_RESTART|SA_SIGINFO
SIGXFSZ: [libjvm.dylib+0x48aa90], sa_mask[0]=11111111011111110111111111111111, sa_flags=SA_RESTART|SA_SIGINFO
SIGILL: [libjvm.dylib+0x48aa90], sa_mask[0]=11111111011111110111111111111111, sa_flags=SA_RESTART|SA_SIGINFO
SIGUSR1: SIG_DFL, sa_mask[0]=00000000000000000000000000000000, sa_flags=none
SIGUSR2: [libjvm.dylib+0x48a5ae], sa_mask[0]=00100000000000000000000000000000, sa_flags=SA_RESTART|SA_SIGINFO
SIGHUP: [libjvm.dylib+0x488b79], sa_mask[0]=11111111011111110111111111111111, sa_flags=SA_RESTART|SA_SIGINFO
SIGINT: [libjvm.dylib+0x488b79], sa_mask[0]=11111111011111110111111111111111, sa_flags=SA_RESTART|SA_SIGINFO
SIGTERM: [libjvm.dylib+0x488b79], sa_mask[0]=11111111011111110111111111111111, sa_flags=SA_RESTART|SA_SIGINFO
SIGQUIT: [libjvm.dylib+0x488b79], sa_mask[0]=11111111011111110111111111111111, sa_flags=SA_RESTART|SA_SIGINFO


---------------  S Y S T E M  ---------------

OS:Bsduname:Darwin 18.2.0 Darwin Kernel Version 18.2.0: Thu Dec 20 20:46:53 PST 2018; root:xnu-4903.241.1~1/RELEASE_X86_64 x86_64
rlimit: STACK 8192k, CORE 0k, NPROC 709, NOFILE 10240, AS infinity
load average:1.99 1.83 1.84

CPU:total 4 (initial active 4) (2 cores per cpu, 2 threads per core) family 6 model 142 stepping 9, cmov, cx8, fxsr, mmx, sse, sse2, sse3, ssse3, sse4.1, sse4.2, popcnt, avx, avx2, aes, clmul, erms, rtm, 3dnowpref, lzcnt, ht, tsc, tscinvbit, bmi1, bmi2, adx

Memory: 4k page, physical 8388608k(393108k free)

/proc/meminfo:


vm_info: Java HotSpot(TM) 64-Bit Server VM (25.171-b11) for bsd-amd64 JRE (1.8.0_171-b11), built on Mar 28 2018 12:50:57 by "java_re" with gcc 4.2.1 (Based on Apple Inc. build 5658) (LLVM build 2336.11.00)

time: Thu Apr 18 14:38:46 2019
elapsed time: 491 seconds (0d 0h 8m 11s)

